[debug] [2021-09-12T16:10:52.678Z] ----------------------------------------------------------------------
[debug] [2021-09-12T16:10:52.681Z] Command:       C:\Program Files\nodejs\node.exe C:\Users\colin\AppData\Roaming\npm\node_modules\firebase-tools\lib\bin\firebase.js emulators:start
[debug] [2021-09-12T16:10:52.681Z] CLI Version:   9.18.0
[debug] [2021-09-12T16:10:52.681Z] Platform:      win32
[debug] [2021-09-12T16:10:52.681Z] Node Version:  v12.19.0
[debug] [2021-09-12T16:10:52.682Z] Time:          Sun Sep 12 2021 18:10:52 GMT+0200 (GMT+02:00)
[debug] [2021-09-12T16:10:52.682Z] Env Overrides: FIRESTORE_EMULATOR_HOST
[debug] [2021-09-12T16:10:52.682Z] ----------------------------------------------------------------------
[debug] 
[debug] [2021-09-12T16:10:52.734Z] > command requires scopes: ["email","openid","https://www.googleapis.com/auth/cloudplatformprojects.readonly","https://www.googleapis.com/auth/firebase","https://www.googleapis.com/auth/cloud-platform"]
[debug] [2021-09-12T16:10:52.734Z] > authorizing via FIREBASE_TOKEN environment variable
[info] i  emulators: Starting emulators: auth, functions, firestore, hosting {"metadata":{"emulator":{"name":"hub"},"message":"Starting emulators: auth, functions, firestore, hosting"}}
[debug] [2021-09-12T16:10:52.751Z] [hub] writing locator at C:\Users\colin\AppData\Local\Temp\hub-ivy-lee.json
[warn] !  functions: The functions emulator is configured but there is no functions source directory. Have you run firebase init functions? {"metadata":{"emulator":{"name":"functions"},"message":"The functions emulator is configured but there is no functions source directory. Have you run \u001b[1mfirebase init functions\u001b[22m?"}}
[debug] [2021-09-12T16:10:52.780Z] Ignoring unsupported arg: projectId {"metadata":{"emulator":{"name":"firestore"},"message":"Ignoring unsupported arg: projectId"}}
[debug] [2021-09-12T16:10:52.780Z] Ignoring unsupported arg: auto_download {"metadata":{"emulator":{"name":"firestore"},"message":"Ignoring unsupported arg: auto_download"}}
[debug] [2021-09-12T16:10:52.780Z] Starting Firestore Emulator with command {"binary":"java","args":["-Dgoogle.cloud_firestore.debug_log_level=FINE","-Duser.language=en","-jar","C:\\Users\\colin\\.cache\\firebase\\emulators\\cloud-firestore-emulator-v1.13.1.jar","--host","localhost","--port",8080,"--rules","D:\\Projects\\ivy\\firestore.rules"],"optionalArgs":["port","webchannel_port","host","rules","functions_emulator","seed_from_export"],"joinArgs":false} {"metadata":{"emulator":{"name":"firestore"},"message":"Starting Firestore Emulator with command {\"binary\":\"java\",\"args\":[\"-Dgoogle.cloud_firestore.debug_log_level=FINE\",\"-Duser.language=en\",\"-jar\",\"C:\\\\Users\\\\colin\\\\.cache\\\\firebase\\\\emulators\\\\cloud-firestore-emulator-v1.13.1.jar\",\"--host\",\"localhost\",\"--port\",8080,\"--rules\",\"D:\\\\Projects\\\\ivy\\\\firestore.rules\"],\"optionalArgs\":[\"port\",\"webchannel_port\",\"host\",\"rules\",\"functions_emulator\",\"seed_from_export\"],\"joinArgs\":false}"}}
[info] i  firestore: Firestore Emulator logging to firestore-debug.log {"metadata":{"emulator":{"name":"firestore"},"message":"Firestore Emulator logging to \u001b[1mfirestore-debug.log\u001b[22m"}}
[debug] [2021-09-12T16:10:56.228Z] > refreshing access token with scopes: []
[debug] [2021-09-12T16:10:56.229Z] >>> HTTP REQUEST POST https://www.googleapis.com/oauth2/v3/token  
 <request body omitted>
[debug] [2021-09-12T16:10:56.351Z] <<< HTTP RESPONSE 200 {"pragma":"no-cache","expires":"Mon, 01 Jan 1990 00:00:00 GMT","date":"Sun, 12 Sep 2021 16:10:53 GMT","cache-control":"no-cache, no-store, max-age=0, must-revalidate","content-type":"application/json; charset=utf-8","vary":"X-Origin, Referer, Origin,Accept-Encoding","server":"scaffolding on HTTPServer2","x-xss-protection":"0","x-frame-options":"SAMEORIGIN","x-content-type-options":"nosniff","alt-svc":"h3=\":443\"; ma=2592000,h3-29=\":443\"; ma=2592000,h3-T051=\":443\"; ma=2592000,h3-Q050=\":443\"; ma=2592000,h3-Q046=\":443\"; ma=2592000,h3-Q043=\":443\"; ma=2592000,quic=\":443\"; ma=2592000; v=\"46,43\"","accept-ranges":"none","transfer-encoding":"chunked"}
[debug] [2021-09-12T16:10:56.352Z] >>> [apiv2][query] GET https://firebasehosting.googleapis.com/v1beta1/projects/ivy-lee/sites 
[debug] [2021-09-12T16:10:57.149Z] <<< [apiv2][status] GET https://firebasehosting.googleapis.com/v1beta1/projects/ivy-lee/sites 200
[debug] [2021-09-12T16:10:57.149Z] <<< [apiv2][body] GET https://firebasehosting.googleapis.com/v1beta1/projects/ivy-lee/sites {"sites":[{"name":"projects/565450224925/sites/ivy-lee","defaultUrl":"https://ivy-lee.web.app","appId":"1:565450224925:web:d9d781868b5936f89f5df4","type":"DEFAULT_SITE"}]}
[debug] [2021-09-12T16:10:57.150Z] >>> [apiv2][query] GET https://firebase.googleapis.com/v1beta1/projects/ivy-lee/webApps/1:565450224925:web:d9d781868b5936f89f5df4/config [none]
[debug] [2021-09-12T16:10:58.005Z] <<< [apiv2][status] GET https://firebase.googleapis.com/v1beta1/projects/ivy-lee/webApps/1:565450224925:web:d9d781868b5936f89f5df4/config 200
[debug] [2021-09-12T16:10:58.005Z] <<< [apiv2][body] GET https://firebase.googleapis.com/v1beta1/projects/ivy-lee/webApps/1:565450224925:web:d9d781868b5936f89f5df4/config {"projectId":"ivy-lee","appId":"1:565450224925:web:d9d781868b5936f89f5df4","databaseURL":"https://ivy-lee-default-rtdb.europe-west1.firebasedatabase.app","storageBucket":"ivy-lee.appspot.com","locationId":"europe-west","apiKey":"AIzaSyCyLMUGXJ-cpDKALBmxNbFvVGX97BcW0M4","authDomain":"ivy-lee.firebaseapp.com","messagingSenderId":"565450224925"}
[info] i  hosting: Serving hosting files from: public {"metadata":{"emulator":{"name":"hosting"},"message":"Serving hosting files from: \u001b[1mpublic\u001b[22m"}}
[info] +  hosting: Local server: http://localhost:5000 {"metadata":{"emulator":{"name":"hosting"},"message":"Local server: \u001b[4m\u001b[1mhttp://localhost:5000\u001b[22m\u001b[24m"}}
[debug] [2021-09-12T16:10:58.029Z] Ignoring unsupported arg: auto_download {"metadata":{"emulator":{"name":"ui"},"message":"Ignoring unsupported arg: auto_download"}}
[debug] [2021-09-12T16:10:58.029Z] Ignoring unsupported arg: port {"metadata":{"emulator":{"name":"ui"},"message":"Ignoring unsupported arg: port"}}
[debug] [2021-09-12T16:10:58.030Z] Starting Emulator UI with command {"binary":"node","args":["C:\\Users\\colin\\.cache\\firebase\\emulators\\ui-v1.6.3\\server.bundle.js"],"optionalArgs":[],"joinArgs":false} {"metadata":{"emulator":{"name":"ui"},"message":"Starting Emulator UI with command {\"binary\":\"node\",\"args\":[\"C:\\\\Users\\\\colin\\\\.cache\\\\firebase\\\\emulators\\\\ui-v1.6.3\\\\server.bundle.js\"],\"optionalArgs\":[],\"joinArgs\":false}"}}
[info] i  ui: Emulator UI logging to ui-debug.log {"metadata":{"emulator":{"name":"ui"},"message":"Emulator UI logging to \u001b[1mui-debug.log\u001b[22m"}}
[debug] [2021-09-12T16:10:58.161Z] Web / API server started at localhost:4000
 {"metadata":{"emulator":{"name":"ui"},"message":"Web / API server started at localhost:4000\n"}}
[info] 
┌─────────────────────────────────────────────────────────────┐
│ ✔  All emulators ready! It is now safe to connect your app. │
│ i  View Emulator UI at http://localhost:4000                │
└─────────────────────────────────────────────────────────────┘

┌────────────────┬──────────────────────────────────┬─────────────────────────────────┐
│ Emulator       │ Host:Port                        │ View in Emulator UI             │
├────────────────┼──────────────────────────────────┼─────────────────────────────────┤
│ Authentication │ localhost:9099                   │ http://localhost:4000/auth      │
├────────────────┼──────────────────────────────────┼─────────────────────────────────┤
│ Functions      │ Failed to initialize (see above) │                                 │
├────────────────┼──────────────────────────────────┼─────────────────────────────────┤
│ Firestore      │ localhost:8080                   │ http://localhost:4000/firestore │
├────────────────┼──────────────────────────────────┼─────────────────────────────────┤
│ Hosting        │ localhost:5000                   │ n/a                             │
└────────────────┴──────────────────────────────────┴─────────────────────────────────┘
  Emulator Hub running at localhost:4400
  Other reserved ports: 4500

Issues? Report them at https://github.com/firebase/firebase-tools/issues and attach the *-debug.log files.
 
[debug] [2021-09-12T17:45:23.025Z] Received signal SIGHUP 1
[debug] [2021-09-13T13:48:50.140Z] ----------------------------------------------------------------------
[debug] [2021-09-13T13:48:50.144Z] Command:       C:\Program Files\nodejs\node.exe C:\Users\colin\AppData\Roaming\npm\node_modules\firebase-tools\lib\bin\firebase.js emulators:start
[debug] [2021-09-13T13:48:50.144Z] CLI Version:   9.18.0
[debug] [2021-09-13T13:48:50.144Z] Platform:      win32
[debug] [2021-09-13T13:48:50.144Z] Node Version:  v12.19.0
[debug] [2021-09-13T13:48:50.153Z] Time:          Mon Sep 13 2021 15:48:50 GMT+0200 (GMT+02:00)
[debug] [2021-09-13T13:48:50.153Z] Env Overrides: FIRESTORE_EMULATOR_HOST
[debug] [2021-09-13T13:48:50.154Z] ----------------------------------------------------------------------
[debug] 
[debug] [2021-09-13T13:48:50.237Z] > command requires scopes: ["email","openid","https://www.googleapis.com/auth/cloudplatformprojects.readonly","https://www.googleapis.com/auth/firebase","https://www.googleapis.com/auth/cloud-platform"]
[debug] [2021-09-13T13:48:50.237Z] > authorizing via FIREBASE_TOKEN environment variable
[info] i  emulators: Starting emulators: auth, functions, firestore, hosting {"metadata":{"emulator":{"name":"hub"},"message":"Starting emulators: auth, functions, firestore, hosting"}}
[warn] !  emulators: It seems that you are running multiple instances of the emulator suite for project ivy-lee. This may result in unexpected behavior. 
[debug] [2021-09-13T13:48:50.261Z] [hub] writing locator at C:\Users\colin\AppData\Local\Temp\hub-ivy-lee.json
[warn] !  functions: The functions emulator is configured but there is no functions source directory. Have you run firebase init functions? {"metadata":{"emulator":{"name":"functions"},"message":"The functions emulator is configured but there is no functions source directory. Have you run \u001b[1mfirebase init functions\u001b[22m?"}}
[debug] [2021-09-13T13:48:50.492Z] Ignoring unsupported arg: projectId {"metadata":{"emulator":{"name":"firestore"},"message":"Ignoring unsupported arg: projectId"}}
[debug] [2021-09-13T13:48:50.492Z] Ignoring unsupported arg: auto_download {"metadata":{"emulator":{"name":"firestore"},"message":"Ignoring unsupported arg: auto_download"}}
[debug] [2021-09-13T13:48:50.492Z] Starting Firestore Emulator with command {"binary":"java","args":["-Dgoogle.cloud_firestore.debug_log_level=FINE","-Duser.language=en","-jar","C:\\Users\\colin\\.cache\\firebase\\emulators\\cloud-firestore-emulator-v1.13.1.jar","--host","localhost","--port",8080,"--rules","D:\\Projects\\ivy\\firestore.rules"],"optionalArgs":["port","webchannel_port","host","rules","functions_emulator","seed_from_export"],"joinArgs":false} {"metadata":{"emulator":{"name":"firestore"},"message":"Starting Firestore Emulator with command {\"binary\":\"java\",\"args\":[\"-Dgoogle.cloud_firestore.debug_log_level=FINE\",\"-Duser.language=en\",\"-jar\",\"C:\\\\Users\\\\colin\\\\.cache\\\\firebase\\\\emulators\\\\cloud-firestore-emulator-v1.13.1.jar\",\"--host\",\"localhost\",\"--port\",8080,\"--rules\",\"D:\\\\Projects\\\\ivy\\\\firestore.rules\"],\"optionalArgs\":[\"port\",\"webchannel_port\",\"host\",\"rules\",\"functions_emulator\",\"seed_from_export\"],\"joinArgs\":false}"}}
[info] i  firestore: Firestore Emulator logging to firestore-debug.log {"metadata":{"emulator":{"name":"firestore"},"message":"Firestore Emulator logging to \u001b[1mfirestore-debug.log\u001b[22m"}}
[debug] [2021-09-13T13:48:55.243Z] > refreshing access token with scopes: []
[debug] [2021-09-13T13:48:55.244Z] >>> HTTP REQUEST POST https://www.googleapis.com/oauth2/v3/token  
 <request body omitted>
[debug] [2021-09-13T13:48:55.361Z] <<< HTTP RESPONSE 200 {"date":"Mon, 13 Sep 2021 13:48:55 GMT","pragma":"no-cache","cache-control":"no-cache, no-store, max-age=0, must-revalidate","expires":"Mon, 01 Jan 1990 00:00:00 GMT","content-type":"application/json; charset=utf-8","vary":"X-Origin, Referer, Origin,Accept-Encoding","server":"scaffolding on HTTPServer2","x-xss-protection":"0","x-frame-options":"SAMEORIGIN","x-content-type-options":"nosniff","alt-svc":"h3=\":443\"; ma=2592000,h3-29=\":443\"; ma=2592000,h3-T051=\":443\"; ma=2592000,h3-Q050=\":443\"; ma=2592000,h3-Q046=\":443\"; ma=2592000,h3-Q043=\":443\"; ma=2592000,quic=\":443\"; ma=2592000; v=\"46,43\"","accept-ranges":"none","transfer-encoding":"chunked"}
[debug] [2021-09-13T13:48:55.363Z] >>> [apiv2][query] GET https://firebasehosting.googleapis.com/v1beta1/projects/ivy-lee/sites 
[debug] [2021-09-13T13:48:56.116Z] <<< [apiv2][status] GET https://firebasehosting.googleapis.com/v1beta1/projects/ivy-lee/sites 200
[debug] [2021-09-13T13:48:56.116Z] <<< [apiv2][body] GET https://firebasehosting.googleapis.com/v1beta1/projects/ivy-lee/sites {"sites":[{"name":"projects/565450224925/sites/ivy-lee","defaultUrl":"https://ivy-lee.web.app","appId":"1:565450224925:web:d9d781868b5936f89f5df4","type":"DEFAULT_SITE"}]}
[debug] [2021-09-13T13:48:56.116Z] >>> [apiv2][query] GET https://firebase.googleapis.com/v1beta1/projects/ivy-lee/webApps/1:565450224925:web:d9d781868b5936f89f5df4/config [none]
[debug] [2021-09-13T13:48:56.987Z] <<< [apiv2][status] GET https://firebase.googleapis.com/v1beta1/projects/ivy-lee/webApps/1:565450224925:web:d9d781868b5936f89f5df4/config 200
[debug] [2021-09-13T13:48:56.987Z] <<< [apiv2][body] GET https://firebase.googleapis.com/v1beta1/projects/ivy-lee/webApps/1:565450224925:web:d9d781868b5936f89f5df4/config {"projectId":"ivy-lee","appId":"1:565450224925:web:d9d781868b5936f89f5df4","databaseURL":"https://ivy-lee-default-rtdb.europe-west1.firebasedatabase.app","storageBucket":"ivy-lee.appspot.com","locationId":"europe-west","apiKey":"AIzaSyCyLMUGXJ-cpDKALBmxNbFvVGX97BcW0M4","authDomain":"ivy-lee.firebaseapp.com","messagingSenderId":"565450224925"}
[info] i  hosting: Serving hosting files from: public {"metadata":{"emulator":{"name":"hosting"},"message":"Serving hosting files from: \u001b[1mpublic\u001b[22m"}}
[info] +  hosting: Local server: http://localhost:5000 {"metadata":{"emulator":{"name":"hosting"},"message":"Local server: \u001b[4m\u001b[1mhttp://localhost:5000\u001b[22m\u001b[24m"}}
[debug] [2021-09-13T13:48:57.018Z] Ignoring unsupported arg: auto_download {"metadata":{"emulator":{"name":"ui"},"message":"Ignoring unsupported arg: auto_download"}}
[debug] [2021-09-13T13:48:57.018Z] Ignoring unsupported arg: port {"metadata":{"emulator":{"name":"ui"},"message":"Ignoring unsupported arg: port"}}
[debug] [2021-09-13T13:48:57.018Z] Starting Emulator UI with command {"binary":"node","args":["C:\\Users\\colin\\.cache\\firebase\\emulators\\ui-v1.6.3\\server.bundle.js"],"optionalArgs":[],"joinArgs":false} {"metadata":{"emulator":{"name":"ui"},"message":"Starting Emulator UI with command {\"binary\":\"node\",\"args\":[\"C:\\\\Users\\\\colin\\\\.cache\\\\firebase\\\\emulators\\\\ui-v1.6.3\\\\server.bundle.js\"],\"optionalArgs\":[],\"joinArgs\":false}"}}
[info] i  ui: Emulator UI logging to ui-debug.log {"metadata":{"emulator":{"name":"ui"},"message":"Emulator UI logging to \u001b[1mui-debug.log\u001b[22m"}}
[debug] [2021-09-13T13:48:57.141Z] Web / API server started at localhost:4000
 {"metadata":{"emulator":{"name":"ui"},"message":"Web / API server started at localhost:4000\n"}}
[info] 
┌─────────────────────────────────────────────────────────────┐
│ ✔  All emulators ready! It is now safe to connect your app. │
│ i  View Emulator UI at http://localhost:4000                │
└─────────────────────────────────────────────────────────────┘

┌────────────────┬──────────────────────────────────┬─────────────────────────────────┐
│ Emulator       │ Host:Port                        │ View in Emulator UI             │
├────────────────┼──────────────────────────────────┼─────────────────────────────────┤
│ Authentication │ localhost:9099                   │ http://localhost:4000/auth      │
├────────────────┼──────────────────────────────────┼─────────────────────────────────┤
│ Functions      │ Failed to initialize (see above) │                                 │
├────────────────┼──────────────────────────────────┼─────────────────────────────────┤
│ Firestore      │ localhost:8080                   │ http://localhost:4000/firestore │
├────────────────┼──────────────────────────────────┼─────────────────────────────────┤
│ Hosting        │ localhost:5000                   │ n/a                             │
└────────────────┴──────────────────────────────────┴─────────────────────────────────┘
  Emulator Hub running at localhost:4400
  Other reserved ports: 4500

Issues? Report them at https://github.com/firebase/firebase-tools/issues and attach the *-debug.log files.
 
